[2023-08-04 10:36:48] [javac-extractor-6236] Starting extraction for:
                                             sun.java.command=com.semmle.extractor.java.JavaExtractor --jdk-version 17 --javac-args @@@D:\Zevra\demo-maven\java-database\log\ext\javac-1.args
                                             user.dir=D:\Zevra\demo-maven
[2023-08-04 10:36:48] [javac-extractor-6236] Compilation name D:/Zevra/demo-maven/java-database/trap/java/diagnostics/diagnostic-1.trap.gz
[2023-08-04 10:36:48] [javac-extractor-6236] [WARN] Appending source destination directory D:\Zevra\demo-maven\target\generated-test-sources\test-annotations to sourcepath
[2023-08-04 10:36:51] [javac-extractor-6236] Processing file D:\Zevra\demo-maven\src\test\java\codejournal\maven\failsafedemo\CircleTest.java
[2023-08-04 10:36:51] [javac-extractor-6236] [WARN] Not rewriting trap file for D:\Zevra\demo-maven\java-database\trap\java\classes\java\lang\Object.members\Object.members#61.0-1683618463509-java.trap.gz as it exists
[2023-08-04 10:36:51] [javac-extractor-6236] [WARN] Not rewriting trap file for D:\Zevra\demo-maven\java-database\trap\java\classes\java\lang\annotation\Annotation.members\Annotation.members#61.0-1683618463509-java.trap.gz as it exists
[2023-08-04 10:36:51] [javac-extractor-6236] [WARN] Not rewriting trap file for D:\Zevra\demo-maven\java-database\trap\java\classes\java\lang\annotation\Documented.members\Documented.members#61.0-1683618463509-java.trap.gz as it exists
[2023-08-04 10:36:51] [javac-extractor-6236] [WARN] Not rewriting trap file for D:\Zevra\demo-maven\java-database\trap\java\classes\java\lang\annotation\Retention.members\Retention.members#61.0-1683618463509-java.trap.gz as it exists
[2023-08-04 10:36:51] [javac-extractor-6236] [WARN] Not rewriting trap file for D:\Zevra\demo-maven\java-database\trap\java\classes\java\lang\annotation\RetentionPolicy.members\RetentionPolicy.members#61.0-1683618463509-java.trap.gz as it exists
[2023-08-04 10:36:51] [javac-extractor-6236] [WARN] Not rewriting trap file for D:\Zevra\demo-maven\java-database\trap\java\classes\java\lang\annotation\Target.members\Target.members#61.0-1683618463509-java.trap.gz as it exists
[2023-08-04 10:36:51] [javac-extractor-6236] [WARN] Not rewriting trap file for D:\Zevra\demo-maven\java-database\trap\java\classes\java\lang\annotation\ElementType.members\ElementType.members#61.0-1683618463509-java.trap.gz as it exists
[2023-08-04 10:36:51] [javac-extractor-6236] [WARN] Not rewriting trap file for D:\Zevra\demo-maven\java-database\trap\java\classes\java\lang\Cloneable.members\Cloneable.members#61.0-1683618463509-java.trap.gz as it exists
[2023-08-04 10:36:51] [javac-extractor-6236] [WARN] Not rewriting trap file for D:\Zevra\demo-maven\java-database\trap\java\classes\java\io\Serializable.members\Serializable.members#61.0-1683618463509-java.trap.gz as it exists
[2023-08-04 10:36:51] [javac-extractor-6236] [WARN] Not rewriting trap file for D:\Zevra\demo-maven\java-database\trap\java\classes\java\lang\String.members\String.members#61.0-1683618463509-java.trap.gz as it exists
[2023-08-04 10:36:51] [javac-extractor-6236] [WARN] Not rewriting trap file for D:\Zevra\demo-maven\java-database\trap\java\classes\java\lang\Enum.members\Enum.members#61.0-1683618463509-java.trap.gz as it exists
[2023-08-04 10:36:51] [javac-extractor-6236] [WARN] Not rewriting trap file for D:\Zevra\demo-maven\java-database\trap\java\classes\java\lang\constant\Constable.members\Constable.members#61.0-1683618463509-java.trap.gz as it exists
[2023-08-04 10:36:51] [javac-extractor-6236] [WARN] Not rewriting trap file for D:\Zevra\demo-maven\java-database\trap\java\classes\java\lang\Comparable.members\Comparable.members#61.0-1683618463509-java.trap.gz as it exists
[2023-08-04 10:36:51] [javac-extractor-6236] [WARN] Not rewriting trap file for D:\Zevra\demo-maven\java-database\trap\java\classes\java\lang\Class.members\Class.members#61.0-1683618463509-java.trap.gz as it exists
[2023-08-04 10:36:51] [javac-extractor-6236] [WARN] Not rewriting trap file for D:\Zevra\demo-maven\java-database\trap\java\classes\java\lang\reflect\GenericDeclaration.members\GenericDeclaration.members#61.0-1683618463509-java.trap.gz as it exists
[2023-08-04 10:36:51] [javac-extractor-6236] [WARN] Not rewriting trap file for D:\Zevra\demo-maven\java-database\trap\java\classes\java\lang\reflect\Type.members\Type.members#61.0-1683618463509-java.trap.gz as it exists
[2023-08-04 10:36:51] [javac-extractor-6236] [WARN] Not rewriting trap file for D:\Zevra\demo-maven\java-database\trap\java\classes\java\lang\reflect\AnnotatedElement.members\AnnotatedElement.members#61.0-1683618463509-java.trap.gz as it exists
[2023-08-04 10:36:51] [javac-extractor-6236] [WARN] Not rewriting trap file for D:\Zevra\demo-maven\java-database\trap\java\classes\java\lang\invoke\TypeDescriptor$OfField.members\TypeDescriptor$OfField.members#61.0-1683618463509-java.trap.gz as it exists
[2023-08-04 10:36:51] [javac-extractor-6236] [WARN] Not rewriting trap file for D:\Zevra\demo-maven\java-database\trap\java\classes\java\lang\invoke\TypeDescriptor.members\TypeDescriptor.members#61.0-1683618463509-java.trap.gz as it exists
[2023-08-04 10:36:51] [javac-extractor-6236] [WARN] Not rewriting trap file for D:\Zevra\demo-maven\java-database\trap\java\classes\java\util\Optional.members\Optional.members#61.0-1683618463509-java.trap.gz as it exists
[2023-08-04 10:36:51] [javac-extractor-6236] [WARN] Not rewriting trap file for D:\Zevra\demo-maven\java-database\trap\java\classes\jdk\internal\ValueBased.members\ValueBased.members#61.0-1683618463509-java.trap.gz as it exists
[2023-08-04 10:36:51] [javac-extractor-6236] [WARN] Not rewriting trap file for D:\Zevra\demo-maven\java-database\trap\java\classes\java\lang\Enum$EnumDesc.members\Enum$EnumDesc.members#61.0-1683618463509-java.trap.gz as it exists
[2023-08-04 10:36:51] [javac-extractor-6236] [WARN] Not rewriting trap file for D:\Zevra\demo-maven\java-database\trap\java\classes\java\lang\constant\DynamicConstantDesc.members\DynamicConstantDesc.members#61.0-1683618463509-java.trap.gz as it exists
[2023-08-04 10:36:51] [javac-extractor-6236] [WARN] Not rewriting trap file for D:\Zevra\demo-maven\java-database\trap\java\classes\java\lang\constant\ConstantDesc.members\ConstantDesc.members#61.0-1683618463509-java.trap.gz as it exists
[2023-08-04 10:36:51] [javac-extractor-6236] [WARN] Not rewriting trap file for D:\Zevra\demo-maven\java-database\trap\java\classes\java\lang\CloneNotSupportedException.members\CloneNotSupportedException.members#61.0-1683618463509-java.trap.gz as it exists
[2023-08-04 10:36:51] [javac-extractor-6236] [WARN] Not rewriting trap file for D:\Zevra\demo-maven\java-database\trap\java\classes\java\lang\annotation\Inherited.members\Inherited.members#61.0-1683618463509-java.trap.gz as it exists
[2023-08-04 10:36:51] [javac-extractor-6236] Processing JAR file: C:/Users/rkanchan/.m2/repository/org/junit/jupiter/junit-jupiter-api/5.9.1/junit-jupiter-api-5.9.1.jar
[2023-08-04 10:36:51] [javac-extractor-6236] Processing JAR file: C:/Users/rkanchan/.m2/repository/org/apiguardian/apiguardian-api/1.1.2/apiguardian-api-1.1.2.jar
[2023-08-04 10:36:51] [javac-extractor-6236] Processing JAR file: C:/Users/rkanchan/.m2/repository/org/junit/platform/junit-platform-commons/1.9.1/junit-platform-commons-1.9.1.jar
[2023-08-04 10:36:51] [javac-extractor-6236] Processing file D:\Zevra\demo-maven\src\test\java\codejournal\maven\failsafedemo\CircleTestIT.java
[2023-08-04 10:36:51] [javac-extractor-6236] [WARN] Not rewriting trap file for D:\Zevra\demo-maven\java-database\trap\java\classes\org\junit\jupiter\api\Test.members\Test.members#52.0-318191400000-java.trap.gz as it exists
[2023-08-04 10:36:51] [javac-extractor-6236] [WARN] Not rewriting trap file for D:\Zevra\demo-maven\java-database\trap\java\classes\java\lang\Object.members\Object.members#61.0-1683618463509-java.trap.gz as it exists
[2023-08-04 10:36:51] [javac-extractor-6236] Processing file D:\Zevra\demo-maven\src\test\java\codejournal\maven\failsafedemo\SquareIT.java
[2023-08-04 10:36:51] [javac-extractor-6236] [WARN] Not rewriting trap file for D:\Zevra\demo-maven\java-database\trap\java\classes\org\junit\jupiter\api\Test.members\Test.members#52.0-318191400000-java.trap.gz as it exists
[2023-08-04 10:36:51] [javac-extractor-6236] [WARN] Not rewriting trap file for D:\Zevra\demo-maven\java-database\trap\java\classes\java\lang\Object.members\Object.members#61.0-1683618463509-java.trap.gz as it exists
[2023-08-04 10:36:51] [javac-extractor-6236] Processing file D:\Zevra\demo-maven\src\test\java\com\example\demo\RestServiceApplicationTests.java
[2023-08-04 10:36:51] [javac-extractor-6236] [WARN] Not rewriting trap file for D:\Zevra\demo-maven\java-database\trap\java\classes\org\junit\jupiter\api\Test.members\Test.members#52.0-318191400000-java.trap.gz as it exists
[2023-08-04 10:36:51] [javac-extractor-6236] [WARN] Not rewriting trap file for D:\Zevra\demo-maven\java-database\trap\java\classes\java\lang\Object.members\Object.members#61.0-1683618463509-java.trap.gz as it exists
[2023-08-04 10:36:51] [javac-extractor-6236] [WARN] Not rewriting trap file for D:\Zevra\demo-maven\java-database\trap\java\classes\java\lang\annotation\Annotation.members\Annotation.members#61.0-1683618463509-java.trap.gz as it exists
[2023-08-04 10:36:51] [javac-extractor-6236] [WARN] Not rewriting trap file for D:\Zevra\demo-maven\java-database\trap\java\classes\java\lang\annotation\Documented.members\Documented.members#61.0-1683618463509-java.trap.gz as it exists
[2023-08-04 10:36:51] [javac-extractor-6236] [WARN] Not rewriting trap file for D:\Zevra\demo-maven\java-database\trap\java\classes\java\lang\annotation\Inherited.members\Inherited.members#61.0-1683618463509-java.trap.gz as it exists
[2023-08-04 10:36:51] [javac-extractor-6236] [WARN] Not rewriting trap file for D:\Zevra\demo-maven\java-database\trap\java\classes\java\lang\annotation\Retention.members\Retention.members#61.0-1683618463509-java.trap.gz as it exists
[2023-08-04 10:36:51] [javac-extractor-6236] [WARN] Not rewriting trap file for D:\Zevra\demo-maven\java-database\trap\java\classes\java\lang\annotation\RetentionPolicy.members\RetentionPolicy.members#61.0-1683618463509-java.trap.gz as it exists
[2023-08-04 10:36:51] [javac-extractor-6236] [WARN] Not rewriting trap file for D:\Zevra\demo-maven\java-database\trap\java\classes\java\lang\annotation\Target.members\Target.members#61.0-1683618463509-java.trap.gz as it exists
[2023-08-04 10:36:51] [javac-extractor-6236] [WARN] Not rewriting trap file for D:\Zevra\demo-maven\java-database\trap\java\classes\java\lang\annotation\ElementType.members\ElementType.members#61.0-1683618463509-java.trap.gz as it exists
[2023-08-04 10:36:51] [javac-extractor-6236] [WARN] Not rewriting trap file for D:\Zevra\demo-maven\java-database\trap\java\classes\java\lang\Cloneable.members\Cloneable.members#61.0-1683618463509-java.trap.gz as it exists
[2023-08-04 10:36:51] [javac-extractor-6236] [WARN] Not rewriting trap file for D:\Zevra\demo-maven\java-database\trap\java\classes\java\io\Serializable.members\Serializable.members#61.0-1683618463509-java.trap.gz as it exists
[2023-08-04 10:36:51] [javac-extractor-6236] [WARN] Not rewriting trap file for D:\Zevra\demo-maven\java-database\trap\java\classes\java\lang\Class.members\Class.members#61.0-1683618463509-java.trap.gz as it exists
[2023-08-04 10:36:51] [javac-extractor-6236] [WARN] Not rewriting trap file for D:\Zevra\demo-maven\java-database\trap\java\classes\java\lang\reflect\GenericDeclaration.members\GenericDeclaration.members#61.0-1683618463509-java.trap.gz as it exists
[2023-08-04 10:36:51] [javac-extractor-6236] [WARN] Not rewriting trap file for D:\Zevra\demo-maven\java-database\trap\java\classes\java\lang\reflect\Type.members\Type.members#61.0-1683618463509-java.trap.gz as it exists
[2023-08-04 10:36:51] [javac-extractor-6236] [WARN] Not rewriting trap file for D:\Zevra\demo-maven\java-database\trap\java\classes\java\lang\reflect\AnnotatedElement.members\AnnotatedElement.members#61.0-1683618463509-java.trap.gz as it exists
[2023-08-04 10:36:51] [javac-extractor-6236] [WARN] Not rewriting trap file for D:\Zevra\demo-maven\java-database\trap\java\classes\java\lang\invoke\TypeDescriptor$OfField.members\TypeDescriptor$OfField.members#61.0-1683618463509-java.trap.gz as it exists
[2023-08-04 10:36:51] [javac-extractor-6236] [WARN] Not rewriting trap file for D:\Zevra\demo-maven\java-database\trap\java\classes\java\lang\invoke\TypeDescriptor.members\TypeDescriptor.members#61.0-1683618463509-java.trap.gz as it exists
[2023-08-04 10:36:51] [javac-extractor-6236] [WARN] Not rewriting trap file for D:\Zevra\demo-maven\java-database\trap\java\classes\java\lang\constant\Constable.members\Constable.members#61.0-1683618463509-java.trap.gz as it exists
[2023-08-04 10:36:51] [javac-extractor-6236] [WARN] Not rewriting trap file for D:\Zevra\demo-maven\java-database\trap\java\classes\java\lang\String.members\String.members#61.0-1683618463509-java.trap.gz as it exists
[2023-08-04 10:36:51] [javac-extractor-6236] [WARN] Not rewriting trap file for D:\Zevra\demo-maven\java-database\trap\java\classes\org\springframework\core\annotation\AliasFor.members\AliasFor.members#61.0-318191400000-java.trap.gz as it exists
[2023-08-04 10:36:51] [javac-extractor-6236] [WARN] Not rewriting trap file for D:\Zevra\demo-maven\java-database\trap\java\classes\java\lang\annotation\Repeatable.members\Repeatable.members#61.0-1683618463509-java.trap.gz as it exists
[2023-08-04 10:36:51] [javac-extractor-6236] [WARN] Not rewriting trap file for D:\Zevra\demo-maven\java-database\trap\java\classes\org\apiguardian\api\API.members\API.members#50.0-1624778592000-java.trap.gz as it exists
[2023-08-04 10:36:51] [javac-extractor-6236] [WARN] Not rewriting trap file for D:\Zevra\demo-maven\java-database\trap\java\classes\org\apiguardian\api\API$Status.members\API$Status.members#50.0-1624778592000-java.trap.gz as it exists
[2023-08-04 10:36:52] [javac-extractor-6236] [WARN] Not rewriting trap file for D:\Zevra\demo-maven\java-database\trap\java\classes\org\springframework\context\ApplicationContext.members\ApplicationContext.members#61.0-1671075202000-java.trap.gz as it exists
[2023-08-04 10:36:52] [javac-extractor-6236] [WARN] Not rewriting trap file for D:\Zevra\demo-maven\java-database\trap\java\classes\org\springframework\lang\Nullable.members\Nullable.members#61.0-318191400000-java.trap.gz as it exists
[2023-08-04 10:36:52] [javac-extractor-6236] [WARN] Not rewriting trap file for D:\Zevra\demo-maven\java-database\trap\java\classes\java\lang\Exception.members\Exception.members#61.0-1683618463509-java.trap.gz as it exists
[2023-08-04 10:36:52] [javac-extractor-6236] [WARN] Not rewriting trap file for D:\Zevra\demo-maven\java-database\trap\java\classes\java\util\List.members\List.members#61.0-1683618463509-java.trap.gz as it exists
[2023-08-04 10:36:52] [javac-extractor-6236] [WARN] Not rewriting trap file for D:\Zevra\demo-maven\java-database\trap\java\classes\java\util\Collection.members\Collection.members#61.0-1683618463509-java.trap.gz as it exists
[2023-08-04 10:36:52] [javac-extractor-6236] [WARN] Not rewriting trap file for D:\Zevra\demo-maven\java-database\trap\java\classes\java\lang\Iterable.members\Iterable.members#61.0-1683618463509-java.trap.gz as it exists
[2023-08-04 10:36:52] [javac-extractor-6236] [WARN] Not rewriting trap file for D:\Zevra\demo-maven\java-database\trap\java\classes\java\lang\Enum.members\Enum.members#61.0-1683618463509-java.trap.gz as it exists
[2023-08-04 10:36:52] [javac-extractor-6236] [WARN] Not rewriting trap file for D:\Zevra\demo-maven\java-database\trap\java\classes\java\lang\Comparable.members\Comparable.members#61.0-1683618463509-java.trap.gz as it exists
[2023-08-04 10:36:52] [javac-extractor-6236] [WARN] Not rewriting trap file for D:\Zevra\demo-maven\java-database\trap\java\classes\java\util\Optional.members\Optional.members#61.0-1683618463509-java.trap.gz as it exists
[2023-08-04 10:36:52] [javac-extractor-6236] [WARN] Not rewriting trap file for D:\Zevra\demo-maven\java-database\trap\java\classes\jdk\internal\ValueBased.members\ValueBased.members#61.0-1683618463509-java.trap.gz as it exists
[2023-08-04 10:36:52] [javac-extractor-6236] [WARN] Not rewriting trap file for D:\Zevra\demo-maven\java-database\trap\java\classes\java\lang\Enum$EnumDesc.members\Enum$EnumDesc.members#61.0-1683618463509-java.trap.gz as it exists
[2023-08-04 10:36:52] [javac-extractor-6236] [WARN] Not rewriting trap file for D:\Zevra\demo-maven\java-database\trap\java\classes\java\lang\constant\DynamicConstantDesc.members\DynamicConstantDesc.members#61.0-1683618463509-java.trap.gz as it exists
[2023-08-04 10:36:52] [javac-extractor-6236] [WARN] Not rewriting trap file for D:\Zevra\demo-maven\java-database\trap\java\classes\java\lang\constant\ConstantDesc.members\ConstantDesc.members#61.0-1683618463509-java.trap.gz as it exists
[2023-08-04 10:36:52] [javac-extractor-6236] [WARN] Not rewriting trap file for D:\Zevra\demo-maven\java-database\trap\java\classes\java\lang\CloneNotSupportedException.members\CloneNotSupportedException.members#61.0-1683618463509-java.trap.gz as it exists
[2023-08-04 10:36:52] [javac-extractor-6236] [WARN] Not rewriting trap file for D:\Zevra\demo-maven\java-database\trap\java\classes\java\lang\FunctionalInterface.members\FunctionalInterface.members#61.0-1683618463509-java.trap.gz as it exists
[2023-08-04 10:36:52] [javac-extractor-6236] [WARN] Not rewriting trap file for D:\Zevra\demo-maven\java-database\trap\java\classes\java\util\Map.members\Map.members#61.0-1683618463509-java.trap.gz as it exists
[2023-08-04 10:36:52] [javac-extractor-6236] [WARN] Not rewriting trap file for D:\Zevra\demo-maven\java-database\trap\java\classes\java\util\function\Function.members\Function.members#61.0-1683618463509-java.trap.gz as it exists
[2023-08-04 10:36:52] [javac-extractor-6236] [WARN] Not rewriting trap file for D:\Zevra\demo-maven\java-database\trap\java\classes\java\lang\Throwable.members\Throwable.members#61.0-1683618463509-java.trap.gz as it exists
[2023-08-04 10:36:52] [javac-extractor-6236] [WARN] Not rewriting trap file for D:\Zevra\demo-maven\java-database\trap\java\classes\java\lang\reflect\Method.members\Method.members#61.0-1683618463509-java.trap.gz as it exists
[2023-08-04 10:36:52] [javac-extractor-6236] [WARN] Not rewriting trap file for D:\Zevra\demo-maven\java-database\trap\java\classes\java\util\Set.members\Set.members#61.0-1683618463509-java.trap.gz as it exists
[2023-08-04 10:36:52] [javac-extractor-6236] [WARN] Not rewriting trap file for D:\Zevra\demo-maven\java-database\trap\java\classes\java\lang\reflect\Executable.members\Executable.members#61.0-1683618463509-java.trap.gz as it exists
[2023-08-04 10:36:52] [javac-extractor-6236] [WARN] Not rewriting trap file for D:\Zevra\demo-maven\java-database\trap\java\classes\java\lang\reflect\Parameter.members\Parameter.members#61.0-1683618463509-java.trap.gz as it exists
[2023-08-04 10:36:52] [javac-extractor-6236] [WARN] Not rewriting trap file for D:\Zevra\demo-maven\java-database\trap\java\classes\org\springframework\context\ApplicationContextInitializer.members\ApplicationContextInitializer.members#61.0-1671075202000-java.trap.gz as it exists
[2023-08-04 10:36:52] [javac-extractor-6236] [WARN] Not rewriting trap file for D:\Zevra\demo-maven\java-database\trap\java\classes\java\lang\Deprecated.members\Deprecated.members#61.0-1683618463509-java.trap.gz as it exists
[2023-08-04 10:36:52] [javac-extractor-6236] [WARN] Not rewriting trap file for D:\Zevra\demo-maven\java-database\trap\java\classes\org\springframework\core\annotation\AnnotationAttributes.members\AnnotationAttributes.members#61.0-318191400000-java.trap.gz as it exists
[2023-08-04 10:36:52] [javac-extractor-6236] [WARN] Not rewriting trap file for D:\Zevra\demo-maven\java-database\trap\java\classes\org\springframework\core\AttributeAccessor.members\AttributeAccessor.members#61.0-318191400000-java.trap.gz as it exists
[2023-08-04 10:36:52] [javac-extractor-6236] [WARN] Not rewriting trap file for D:\Zevra\demo-maven\java-database\trap\java\classes\org\springframework\context\ApplicationEvent.members\ApplicationEvent.members#61.0-1671075202000-java.trap.gz as it exists
[2023-08-04 10:36:52] [javac-extractor-6236] [WARN] Not rewriting trap file for D:\Zevra\demo-maven\java-database\trap\java\classes\java\lang\reflect\Constructor.members\Constructor.members#61.0-1683618463509-java.trap.gz as it exists
[2023-08-04 10:36:52] [javac-extractor-6236] [WARN] Not rewriting trap file for D:\Zevra\demo-maven\java-database\trap\java\classes\org\springframework\context\ConfigurableApplicationContext.members\ConfigurableApplicationContext.members#61.0-1671075202000-java.trap.gz as it exists
[2023-08-04 10:36:52] [javac-extractor-6236] [WARN] Not rewriting trap file for D:\Zevra\demo-maven\java-database\trap\java\classes\java\lang\RuntimeException.members\RuntimeException.members#61.0-1683618463509-java.trap.gz as it exists
[2023-08-04 10:36:52] [javac-extractor-6236] Processing JAR file: C:/Users/rkanchan/.m2/repository/org/springframework/boot/spring-boot-test/3.0.1/spring-boot-test-3.0.1.jar
[2023-08-04 10:36:52] [javac-extractor-6236] Processing JAR file: C:/Users/rkanchan/.m2/repository/org/springframework/spring-test/6.0.3/spring-test-6.0.3.jar
[2023-08-04 10:36:52] [javac-extractor-6236] Javac init time: 2.1s
[2023-08-04 10:36:52] [javac-extractor-6236] Javac attr time: 0.0s
[2023-08-04 10:36:52] [javac-extractor-6236] Extractor time: 2.5s
[2023-08-04 10:36:52] [javac-extractor-6236] Other time: 0.2s
[2023-08-04 10:36:52] [javac-extractor-6236] Total time: 4.9s
