[2023-08-04 10:36:20] [javac-extractor-19916] Starting extraction for:
                                              sun.java.command=com.semmle.extractor.java.JavaExtractor --jdk-version 17 --javac-args @@@D:\Zevra\demo-maven\java-database\log\ext\javac.args
                                              user.dir=D:\Zevra\demo-maven
[2023-08-04 10:36:20] [javac-extractor-19916] Compilation name D:/Zevra/demo-maven/java-database/trap/java/diagnostics/diagnostic.trap.gz
[2023-08-04 10:36:20] [javac-extractor-19916] [WARN] Appending source destination directory D:\Zevra\demo-maven\target\generated-sources\annotations to sourcepath
[2023-08-04 10:36:21] [javac-extractor-19916] Processing file D:\Zevra\demo-maven\src\main\java\com\example\demo\person\Person.java
[2023-08-04 10:36:33] [javac-extractor-19916] Processing module java.base
[2023-08-04 10:36:33] [javac-extractor-19916] Processing JAR file: C:/Users/rkanchan/.m2/repository/jakarta/persistence/jakarta.persistence-api/3.1.0/jakarta.persistence-api-3.1.0.jar
[2023-08-04 10:36:33] [javac-extractor-19916] Processing file D:\Zevra\demo-maven\src\main\java\com\example\demo\person\GetPerson.java
[2023-08-04 10:36:33] [javac-extractor-19916] [WARN] Not rewriting trap file for D:\Zevra\demo-maven\java-database\trap\java\classes\com\example\demo\person\Person.members\Person.members#0.0-1691123785734-java.trap.gz as it exists
[2023-08-04 10:36:33] [javac-extractor-19916] [WARN] Not rewriting trap file for D:\Zevra\demo-maven\java-database\trap\java\classes\java\lang\Integer.members\Integer.members#61.0-1683618463509-java.trap.gz as it exists
[2023-08-04 10:36:33] [javac-extractor-19916] [WARN] Not rewriting trap file for D:\Zevra\demo-maven\java-database\trap\java\classes\java\lang\Object.members\Object.members#61.0-1683618463509-java.trap.gz as it exists
[2023-08-04 10:36:33] [javac-extractor-19916] [WARN] Not rewriting trap file for D:\Zevra\demo-maven\java-database\trap\java\classes\java\lang\Iterable.members\Iterable.members#61.0-1683618463509-java.trap.gz as it exists
[2023-08-04 10:36:33] [javac-extractor-19916] [WARN] Not rewriting trap file for D:\Zevra\demo-maven\java-database\trap\java\classes\java\util\Optional.members\Optional.members#61.0-1683618463509-java.trap.gz as it exists
[2023-08-04 10:36:33] [javac-extractor-19916] [WARN] Not rewriting trap file for D:\Zevra\demo-maven\java-database\trap\java\classes\jdk\internal\ValueBased.members\ValueBased.members#61.0-1683618463509-java.trap.gz as it exists
[2023-08-04 10:36:33] [javac-extractor-19916] [WARN] Not rewriting trap file for D:\Zevra\demo-maven\java-database\trap\java\classes\java\lang\annotation\Annotation.members\Annotation.members#61.0-1683618463509-java.trap.gz as it exists
[2023-08-04 10:36:33] [javac-extractor-19916] [WARN] Not rewriting trap file for D:\Zevra\demo-maven\java-database\trap\java\classes\java\lang\annotation\Documented.members\Documented.members#61.0-1683618463509-java.trap.gz as it exists
[2023-08-04 10:36:33] [javac-extractor-19916] [WARN] Not rewriting trap file for D:\Zevra\demo-maven\java-database\trap\java\classes\java\lang\annotation\Retention.members\Retention.members#61.0-1683618463509-java.trap.gz as it exists
[2023-08-04 10:36:33] [javac-extractor-19916] [WARN] Not rewriting trap file for D:\Zevra\demo-maven\java-database\trap\java\classes\java\lang\annotation\RetentionPolicy.members\RetentionPolicy.members#61.0-1683618463509-java.trap.gz as it exists
[2023-08-04 10:36:33] [javac-extractor-19916] [WARN] Not rewriting trap file for D:\Zevra\demo-maven\java-database\trap\java\classes\java\lang\annotation\Target.members\Target.members#61.0-1683618463509-java.trap.gz as it exists
[2023-08-04 10:36:33] [javac-extractor-19916] [WARN] Not rewriting trap file for D:\Zevra\demo-maven\java-database\trap\java\classes\java\lang\annotation\ElementType.members\ElementType.members#61.0-1683618463509-java.trap.gz as it exists
[2023-08-04 10:36:33] [javac-extractor-19916] [WARN] Not rewriting trap file for D:\Zevra\demo-maven\java-database\trap\java\classes\java\lang\Cloneable.members\Cloneable.members#61.0-1683618463509-java.trap.gz as it exists
[2023-08-04 10:36:33] [javac-extractor-19916] [WARN] Not rewriting trap file for D:\Zevra\demo-maven\java-database\trap\java\classes\java\io\Serializable.members\Serializable.members#61.0-1683618463509-java.trap.gz as it exists
[2023-08-04 10:36:33] [javac-extractor-19916] Processing JAR file: C:/Users/rkanchan/.m2/repository/org/springframework/data/spring-data-commons/3.0.0/spring-data-commons-3.0.0.jar
[2023-08-04 10:36:33] [javac-extractor-19916] Processing JAR file: C:/Users/rkanchan/.m2/repository/org/springframework/spring-context/6.0.3/spring-context-6.0.3.jar
[2023-08-04 10:36:33] [javac-extractor-19916] Processing file D:\Zevra\demo-maven\src\main\java\com\example\demo\HellowWorldController.java
[2023-08-04 10:36:33] [javac-extractor-19916] [WARN] Not rewriting trap file for D:\Zevra\demo-maven\java-database\trap\java\classes\com\example\demo\person\GetPerson.members\GetPerson.members#0.0-1691123785734-java.trap.gz as it exists
[2023-08-04 10:36:33] [javac-extractor-19916] [WARN] Not rewriting trap file for D:\Zevra\demo-maven\java-database\trap\java\classes\com\example\demo\person\Person.members\Person.members#0.0-1691123785734-java.trap.gz as it exists
[2023-08-04 10:36:33] [javac-extractor-19916] [WARN] Not rewriting trap file for D:\Zevra\demo-maven\java-database\trap\java\classes\java\util\Optional.members\Optional.members#61.0-1683618463509-java.trap.gz as it exists
[2023-08-04 10:36:33] [javac-extractor-19916] [WARN] Not rewriting trap file for D:\Zevra\demo-maven\java-database\trap\java\classes\java\lang\Object.members\Object.members#61.0-1683618463509-java.trap.gz as it exists
[2023-08-04 10:36:33] [javac-extractor-19916] [WARN] Not rewriting trap file for D:\Zevra\demo-maven\java-database\trap\java\classes\java\lang\String.members\String.members#61.0-1683618463509-java.trap.gz as it exists
[2023-08-04 10:36:33] [javac-extractor-19916] [WARN] Not rewriting trap file for D:\Zevra\demo-maven\java-database\trap\java\classes\java\lang\Cloneable.members\Cloneable.members#61.0-1683618463509-java.trap.gz as it exists
[2023-08-04 10:36:33] [javac-extractor-19916] [WARN] Not rewriting trap file for D:\Zevra\demo-maven\java-database\trap\java\classes\java\io\Serializable.members\Serializable.members#61.0-1683618463509-java.trap.gz as it exists
[2023-08-04 10:36:33] [javac-extractor-19916] [WARN] Not rewriting trap file for D:\Zevra\demo-maven\java-database\trap\java\classes\java\lang\Integer.members\Integer.members#61.0-1683618463509-java.trap.gz as it exists
[2023-08-04 10:36:33] [javac-extractor-19916] [WARN] Not rewriting trap file for D:\Zevra\demo-maven\java-database\trap\java\classes\jdk\internal\ValueBased.members\ValueBased.members#61.0-1683618463509-java.trap.gz as it exists
[2023-08-04 10:36:33] [javac-extractor-19916] [WARN] Not rewriting trap file for D:\Zevra\demo-maven\java-database\trap\java\classes\org\springframework\data\repository\CrudRepository.members\CrudRepository.members#61.0-1668761814000-java.trap.gz as it exists
[2023-08-04 10:36:33] [javac-extractor-19916] [WARN] Not rewriting trap file for D:\Zevra\demo-maven\java-database\trap\java\classes\org\springframework\data\repository\Repository.members\Repository.members#61.0-1668761814000-java.trap.gz as it exists
[2023-08-04 10:36:33] [javac-extractor-19916] [WARN] Not rewriting trap file for D:\Zevra\demo-maven\java-database\trap\java\classes\org\springframework\stereotype\Indexed.members\Indexed.members#61.0-1671075202000-java.trap.gz as it exists
[2023-08-04 10:36:33] [javac-extractor-19916] [WARN] Not rewriting trap file for D:\Zevra\demo-maven\java-database\trap\java\classes\org\springframework\data\repository\NoRepositoryBean.members\NoRepositoryBean.members#61.0-1668761814000-java.trap.gz as it exists
[2023-08-04 10:36:33] [javac-extractor-19916] [WARN] Not rewriting trap file for D:\Zevra\demo-maven\java-database\trap\java\classes\java\lang\Iterable.members\Iterable.members#61.0-1683618463509-java.trap.gz as it exists
[2023-08-04 10:36:33] [javac-extractor-19916] [WARN] Not rewriting trap file for D:\Zevra\demo-maven\java-database\trap\java\classes\java\lang\Class.members\Class.members#61.0-1683618463509-java.trap.gz as it exists
[2023-08-04 10:36:33] [javac-extractor-19916] [WARN] Not rewriting trap file for D:\Zevra\demo-maven\java-database\trap\java\classes\java\lang\reflect\GenericDeclaration.members\GenericDeclaration.members#61.0-1683618463509-java.trap.gz as it exists
[2023-08-04 10:36:33] [javac-extractor-19916] [WARN] Not rewriting trap file for D:\Zevra\demo-maven\java-database\trap\java\classes\java\lang\reflect\Type.members\Type.members#61.0-1683618463509-java.trap.gz as it exists
[2023-08-04 10:36:33] [javac-extractor-19916] [WARN] Not rewriting trap file for D:\Zevra\demo-maven\java-database\trap\java\classes\java\lang\reflect\AnnotatedElement.members\AnnotatedElement.members#61.0-1683618463509-java.trap.gz as it exists
[2023-08-04 10:36:33] [javac-extractor-19916] [WARN] Not rewriting trap file for D:\Zevra\demo-maven\java-database\trap\java\classes\java\lang\invoke\TypeDescriptor$OfField.members\TypeDescriptor$OfField.members#61.0-1683618463509-java.trap.gz as it exists
[2023-08-04 10:36:33] [javac-extractor-19916] [WARN] Not rewriting trap file for D:\Zevra\demo-maven\java-database\trap\java\classes\java\lang\invoke\TypeDescriptor.members\TypeDescriptor.members#61.0-1683618463509-java.trap.gz as it exists
[2023-08-04 10:36:33] [javac-extractor-19916] [WARN] Not rewriting trap file for D:\Zevra\demo-maven\java-database\trap\java\classes\java\lang\constant\Constable.members\Constable.members#61.0-1683618463509-java.trap.gz as it exists
[2023-08-04 10:36:33] [javac-extractor-19916] [WARN] Not rewriting trap file for D:\Zevra\demo-maven\java-database\trap\java\classes\java\lang\annotation\Annotation.members\Annotation.members#61.0-1683618463509-java.trap.gz as it exists
[2023-08-04 10:36:33] [javac-extractor-19916] [WARN] Not rewriting trap file for D:\Zevra\demo-maven\java-database\trap\java\classes\java\lang\annotation\Retention.members\Retention.members#61.0-1683618463509-java.trap.gz as it exists
[2023-08-04 10:36:33] [javac-extractor-19916] [WARN] Not rewriting trap file for D:\Zevra\demo-maven\java-database\trap\java\classes\java\lang\annotation\RetentionPolicy.members\RetentionPolicy.members#61.0-1683618463509-java.trap.gz as it exists
[2023-08-04 10:36:33] [javac-extractor-19916] [WARN] Not rewriting trap file for D:\Zevra\demo-maven\java-database\trap\java\classes\java\lang\annotation\Target.members\Target.members#61.0-1683618463509-java.trap.gz as it exists
[2023-08-04 10:36:33] [javac-extractor-19916] [WARN] Not rewriting trap file for D:\Zevra\demo-maven\java-database\trap\java\classes\java\lang\annotation\ElementType.members\ElementType.members#61.0-1683618463509-java.trap.gz as it exists
[2023-08-04 10:36:33] [javac-extractor-19916] [WARN] Not rewriting trap file for D:\Zevra\demo-maven\java-database\trap\java\classes\java\lang\annotation\Documented.members\Documented.members#61.0-1683618463509-java.trap.gz as it exists
[2023-08-04 10:36:34] [javac-extractor-19916] [WARN] Not rewriting trap file for D:\Zevra\demo-maven\java-database\trap\java\classes\java\lang\Enum.members\Enum.members#61.0-1683618463509-java.trap.gz as it exists
[2023-08-04 10:36:34] [javac-extractor-19916] [WARN] Not rewriting trap file for D:\Zevra\demo-maven\java-database\trap\java\classes\java\lang\Comparable.members\Comparable.members#61.0-1683618463509-java.trap.gz as it exists
[2023-08-04 10:36:34] [javac-extractor-19916] [WARN] Not rewriting trap file for D:\Zevra\demo-maven\java-database\trap\java\classes\java\lang\Enum$EnumDesc.members\Enum$EnumDesc.members#61.0-1683618463509-java.trap.gz as it exists
[2023-08-04 10:36:34] [javac-extractor-19916] [WARN] Not rewriting trap file for D:\Zevra\demo-maven\java-database\trap\java\classes\java\lang\constant\DynamicConstantDesc.members\DynamicConstantDesc.members#61.0-1683618463509-java.trap.gz as it exists
[2023-08-04 10:36:34] [javac-extractor-19916] [WARN] Not rewriting trap file for D:\Zevra\demo-maven\java-database\trap\java\classes\java\lang\constant\ConstantDesc.members\ConstantDesc.members#61.0-1683618463509-java.trap.gz as it exists
[2023-08-04 10:36:34] [javac-extractor-19916] [WARN] Not rewriting trap file for D:\Zevra\demo-maven\java-database\trap\java\classes\java\lang\CloneNotSupportedException.members\CloneNotSupportedException.members#61.0-1683618463509-java.trap.gz as it exists
[2023-08-04 10:36:34] [javac-extractor-19916] [WARN] Not rewriting trap file for D:\Zevra\demo-maven\java-database\trap\java\classes\java\lang\reflect\Method.members\Method.members#61.0-1683618463509-java.trap.gz as it exists
[2023-08-04 10:36:34] [javac-extractor-19916] [WARN] Not rewriting trap file for D:\Zevra\demo-maven\java-database\trap\java\classes\java\lang\reflect\Field.members\Field.members#61.0-1683618463509-java.trap.gz as it exists
[2023-08-04 10:36:34] [javac-extractor-19916] [WARN] Not rewriting trap file for D:\Zevra\demo-maven\java-database\trap\java\classes\java\lang\reflect\Constructor.members\Constructor.members#61.0-1683618463509-java.trap.gz as it exists
[2023-08-04 10:36:34] [javac-extractor-19916] [WARN] Not rewriting trap file for D:\Zevra\demo-maven\java-database\trap\java\classes\java\lang\reflect\Executable.members\Executable.members#61.0-1683618463509-java.trap.gz as it exists
[2023-08-04 10:36:34] [javac-extractor-19916] [WARN] Not rewriting trap file for D:\Zevra\demo-maven\java-database\trap\java\classes\java\util\function\Consumer.members\Consumer.members#61.0-1683618463509-java.trap.gz as it exists
[2023-08-04 10:36:34] [javac-extractor-19916] [WARN] Not rewriting trap file for D:\Zevra\demo-maven\java-database\trap\java\classes\java\lang\FunctionalInterface.members\FunctionalInterface.members#61.0-1683618463509-java.trap.gz as it exists
[2023-08-04 10:36:34] [javac-extractor-19916] [WARN] Not rewriting trap file for D:\Zevra\demo-maven\java-database\trap\java\classes\java\lang\ClassLoader.members\ClassLoader.members#61.0-1683618463509-java.trap.gz as it exists
[2023-08-04 10:36:34] [javac-extractor-19916] [WARN] Not rewriting trap file for D:\Zevra\demo-maven\java-database\trap\java\classes\java\util\stream\Stream.members\Stream.members#61.0-1683618463509-java.trap.gz as it exists
[2023-08-04 10:36:34] [javac-extractor-19916] [WARN] Not rewriting trap file for D:\Zevra\demo-maven\java-database\trap\java\classes\java\util\stream\BaseStream.members\BaseStream.members#61.0-1683618463509-java.trap.gz as it exists
[2023-08-04 10:36:34] [javac-extractor-19916] [WARN] Not rewriting trap file for D:\Zevra\demo-maven\java-database\trap\java\classes\java\lang\AutoCloseable.members\AutoCloseable.members#61.0-1683618463509-java.trap.gz as it exists
[2023-08-04 10:36:34] [javac-extractor-19916] [WARN] Not rewriting trap file for D:\Zevra\demo-maven\java-database\trap\java\classes\java\lang\reflect\Parameter.members\Parameter.members#61.0-1683618463509-java.trap.gz as it exists
[2023-08-04 10:36:34] [javac-extractor-19916] [WARN] Not rewriting trap file for D:\Zevra\demo-maven\java-database\trap\java\classes\java\lang\Deprecated.members\Deprecated.members#61.0-1683618463509-java.trap.gz as it exists
[2023-08-04 10:36:34] [javac-extractor-19916] [WARN] Not rewriting trap file for D:\Zevra\demo-maven\java-database\trap\java\classes\java\lang\reflect\Member.members\Member.members#61.0-1683618463509-java.trap.gz as it exists
[2023-08-04 10:36:34] [javac-extractor-19916] [WARN] Not rewriting trap file for D:\Zevra\demo-maven\java-database\trap\java\classes\java\util\Map.members\Map.members#61.0-1683618463509-java.trap.gz as it exists
[2023-08-04 10:36:34] [javac-extractor-19916] [WARN] Not rewriting trap file for D:\Zevra\demo-maven\java-database\trap\java\classes\java\util\List.members\List.members#61.0-1683618463509-java.trap.gz as it exists
[2023-08-04 10:36:34] [javac-extractor-19916] [WARN] Not rewriting trap file for D:\Zevra\demo-maven\java-database\trap\java\classes\java\util\Collection.members\Collection.members#61.0-1683618463509-java.trap.gz as it exists
[2023-08-04 10:36:34] [javac-extractor-19916] [WARN] Not rewriting trap file for D:\Zevra\demo-maven\java-database\trap\java\classes\java\util\Set.members\Set.members#61.0-1683618463509-java.trap.gz as it exists
[2023-08-04 10:36:34] [javac-extractor-19916] Processing JAR file: C:/Users/rkanchan/.m2/repository/org/apache/tomcat/embed/tomcat-embed-websocket/10.1.4/tomcat-embed-websocket-10.1.4.jar
[2023-08-04 10:36:34] [javac-extractor-19916] Processing JAR file: C:/Users/rkanchan/.m2/repository/org/springframework/spring-beans/6.0.3/spring-beans-6.0.3.jar
[2023-08-04 10:36:34] [javac-extractor-19916] Processing JAR file: C:/Users/rkanchan/.m2/repository/org/springframework/spring-web/6.0.3/spring-web-6.0.3.jar
[2023-08-04 10:36:34] [javac-extractor-19916] Processing JAR file: C:/Users/rkanchan/.m2/repository/jakarta/transaction/jakarta.transaction-api/2.0.1/jakarta.transaction-api-2.0.1.jar
[2023-08-04 10:36:34] [javac-extractor-19916] Processing JAR file: C:/Users/rkanchan/.m2/repository/org/springframework/spring-core/6.0.3/spring-core-6.0.3.jar
[2023-08-04 10:36:34] [javac-extractor-19916] Processing file D:\Zevra\demo-maven\src\main\java\com\example\demo\person\CreatePerson.java
[2023-08-04 10:36:34] [javac-extractor-19916] [WARN] Not rewriting trap file for D:\Zevra\demo-maven\java-database\trap\java\classes\jakarta\transaction\Transactional.members\Transactional.members#52.0-1648703236000-java.trap.gz as it exists
[2023-08-04 10:36:34] [javac-extractor-19916] [WARN] Not rewriting trap file for D:\Zevra\demo-maven\java-database\trap\java\classes\org\springframework\stereotype\Repository.members\Repository.members#61.0-1671075202000-java.trap.gz as it exists
[2023-08-04 10:36:34] [javac-extractor-19916] [WARN] Not rewriting trap file for D:\Zevra\demo-maven\java-database\trap\java\classes\com\example\demo\person\CreatePerson.members\CreatePerson.members#0.0-1691123785733-java.trap.gz as it exists
[2023-08-04 10:36:34] [javac-extractor-19916] [WARN] Not rewriting trap file for D:\Zevra\demo-maven\java-database\trap\java\classes\java\lang\String.members\String.members#61.0-1683618463509-java.trap.gz as it exists
[2023-08-04 10:36:34] [javac-extractor-19916] [WARN] Not rewriting trap file for D:\Zevra\demo-maven\java-database\trap\java\classes\java\lang\Object.members\Object.members#61.0-1683618463509-java.trap.gz as it exists
[2023-08-04 10:36:34] [javac-extractor-19916] [WARN] Not rewriting trap file for D:\Zevra\demo-maven\java-database\trap\java\classes\java\lang\Cloneable.members\Cloneable.members#61.0-1683618463509-java.trap.gz as it exists
[2023-08-04 10:36:34] [javac-extractor-19916] [WARN] Not rewriting trap file for D:\Zevra\demo-maven\java-database\trap\java\classes\java\io\Serializable.members\Serializable.members#61.0-1683618463509-java.trap.gz as it exists
[2023-08-04 10:36:34] [javac-extractor-19916] [WARN] Not rewriting trap file for D:\Zevra\demo-maven\java-database\trap\java\classes\com\example\demo\person\Person.members\Person.members#0.0-1691123785734-java.trap.gz as it exists
[2023-08-04 10:36:34] [javac-extractor-19916] [WARN] Not rewriting trap file for D:\Zevra\demo-maven\java-database\trap\java\classes\java\lang\AutoCloseable.members\AutoCloseable.members#61.0-1683618463509-java.trap.gz as it exists
[2023-08-04 10:36:34] [javac-extractor-19916] [WARN] Not rewriting trap file for D:\Zevra\demo-maven\java-database\trap\java\classes\java\lang\Class.members\Class.members#61.0-1683618463509-java.trap.gz as it exists
[2023-08-04 10:36:34] [javac-extractor-19916] [WARN] Not rewriting trap file for D:\Zevra\demo-maven\java-database\trap\java\classes\java\lang\reflect\GenericDeclaration.members\GenericDeclaration.members#61.0-1683618463509-java.trap.gz as it exists
[2023-08-04 10:36:34] [javac-extractor-19916] [WARN] Not rewriting trap file for D:\Zevra\demo-maven\java-database\trap\java\classes\java\lang\reflect\Type.members\Type.members#61.0-1683618463509-java.trap.gz as it exists
[2023-08-04 10:36:34] [javac-extractor-19916] [WARN] Not rewriting trap file for D:\Zevra\demo-maven\java-database\trap\java\classes\java\lang\reflect\AnnotatedElement.members\AnnotatedElement.members#61.0-1683618463509-java.trap.gz as it exists
[2023-08-04 10:36:34] [javac-extractor-19916] [WARN] Not rewriting trap file for D:\Zevra\demo-maven\java-database\trap\java\classes\java\lang\invoke\TypeDescriptor$OfField.members\TypeDescriptor$OfField.members#61.0-1683618463509-java.trap.gz as it exists
[2023-08-04 10:36:34] [javac-extractor-19916] [WARN] Not rewriting trap file for D:\Zevra\demo-maven\java-database\trap\java\classes\java\lang\invoke\TypeDescriptor.members\TypeDescriptor.members#61.0-1683618463509-java.trap.gz as it exists
[2023-08-04 10:36:34] [javac-extractor-19916] [WARN] Not rewriting trap file for D:\Zevra\demo-maven\java-database\trap\java\classes\java\lang\constant\Constable.members\Constable.members#61.0-1683618463509-java.trap.gz as it exists
[2023-08-04 10:36:34] [javac-extractor-19916] [WARN] Not rewriting trap file for D:\Zevra\demo-maven\java-database\trap\java\classes\java\util\List.members\List.members#61.0-1683618463509-java.trap.gz as it exists
[2023-08-04 10:36:34] [javac-extractor-19916] [WARN] Not rewriting trap file for D:\Zevra\demo-maven\java-database\trap\java\classes\java\util\Collection.members\Collection.members#61.0-1683618463509-java.trap.gz as it exists
[2023-08-04 10:36:34] [javac-extractor-19916] [WARN] Not rewriting trap file for D:\Zevra\demo-maven\java-database\trap\java\classes\java\lang\Iterable.members\Iterable.members#61.0-1683618463509-java.trap.gz as it exists
[2023-08-04 10:36:35] [javac-extractor-19916] [WARN] Not rewriting trap file for D:\Zevra\demo-maven\java-database\trap\java\classes\java\util\Map.members\Map.members#61.0-1683618463509-java.trap.gz as it exists
[2023-08-04 10:36:35] [javac-extractor-19916] [WARN] Not rewriting trap file for D:\Zevra\demo-maven\java-database\trap\java\classes\java\lang\annotation\Annotation.members\Annotation.members#61.0-1683618463509-java.trap.gz as it exists
[2023-08-04 10:36:35] [javac-extractor-19916] [WARN] Not rewriting trap file for D:\Zevra\demo-maven\java-database\trap\java\classes\java\lang\annotation\Retention.members\Retention.members#61.0-1683618463509-java.trap.gz as it exists
[2023-08-04 10:36:35] [javac-extractor-19916] [WARN] Not rewriting trap file for D:\Zevra\demo-maven\java-database\trap\java\classes\java\lang\annotation\RetentionPolicy.members\RetentionPolicy.members#61.0-1683618463509-java.trap.gz as it exists
[2023-08-04 10:36:35] [javac-extractor-19916] [WARN] Not rewriting trap file for D:\Zevra\demo-maven\java-database\trap\java\classes\java\lang\annotation\Target.members\Target.members#61.0-1683618463509-java.trap.gz as it exists
[2023-08-04 10:36:35] [javac-extractor-19916] [WARN] Not rewriting trap file for D:\Zevra\demo-maven\java-database\trap\java\classes\java\lang\annotation\ElementType.members\ElementType.members#61.0-1683618463509-java.trap.gz as it exists
[2023-08-04 10:36:35] [javac-extractor-19916] [WARN] Not rewriting trap file for D:\Zevra\demo-maven\java-database\trap\java\classes\java\lang\Enum.members\Enum.members#61.0-1683618463509-java.trap.gz as it exists
[2023-08-04 10:36:35] [javac-extractor-19916] [WARN] Not rewriting trap file for D:\Zevra\demo-maven\java-database\trap\java\classes\java\lang\Comparable.members\Comparable.members#61.0-1683618463509-java.trap.gz as it exists
[2023-08-04 10:36:35] [javac-extractor-19916] [WARN] Not rewriting trap file for D:\Zevra\demo-maven\java-database\trap\java\classes\java\util\Optional.members\Optional.members#61.0-1683618463509-java.trap.gz as it exists
[2023-08-04 10:36:35] [javac-extractor-19916] [WARN] Not rewriting trap file for D:\Zevra\demo-maven\java-database\trap\java\classes\jdk\internal\ValueBased.members\ValueBased.members#61.0-1683618463509-java.trap.gz as it exists
[2023-08-04 10:36:35] [javac-extractor-19916] [WARN] Not rewriting trap file for D:\Zevra\demo-maven\java-database\trap\java\classes\java\lang\Enum$EnumDesc.members\Enum$EnumDesc.members#61.0-1683618463509-java.trap.gz as it exists
[2023-08-04 10:36:35] [javac-extractor-19916] [WARN] Not rewriting trap file for D:\Zevra\demo-maven\java-database\trap\java\classes\java\lang\constant\DynamicConstantDesc.members\DynamicConstantDesc.members#61.0-1683618463509-java.trap.gz as it exists
[2023-08-04 10:36:35] [javac-extractor-19916] [WARN] Not rewriting trap file for D:\Zevra\demo-maven\java-database\trap\java\classes\java\lang\constant\ConstantDesc.members\ConstantDesc.members#61.0-1683618463509-java.trap.gz as it exists
[2023-08-04 10:36:35] [javac-extractor-19916] [WARN] Not rewriting trap file for D:\Zevra\demo-maven\java-database\trap\java\classes\java\lang\CloneNotSupportedException.members\CloneNotSupportedException.members#61.0-1683618463509-java.trap.gz as it exists
[2023-08-04 10:36:35] [javac-extractor-19916] [WARN] Not rewriting trap file for D:\Zevra\demo-maven\java-database\trap\java\classes\java\util\Set.members\Set.members#61.0-1683618463509-java.trap.gz as it exists
[2023-08-04 10:36:36] [javac-extractor-19916] [WARN] Not rewriting trap file for D:\Zevra\demo-maven\java-database\trap\java\classes\java\time\LocalTime.members\LocalTime.members#61.0-1683618463509-java.trap.gz as it exists
[2023-08-04 10:36:36] [javac-extractor-19916] [WARN] Not rewriting trap file for D:\Zevra\demo-maven\java-database\trap\java\classes\java\time\LocalDateTime.members\LocalDateTime.members#61.0-1683618463509-java.trap.gz as it exists
[2023-08-04 10:36:36] [javac-extractor-19916] [WARN] Not rewriting trap file for D:\Zevra\demo-maven\java-database\trap\java\classes\java\time\LocalDate.members\LocalDate.members#61.0-1683618463509-java.trap.gz as it exists
[2023-08-04 10:36:36] [javac-extractor-19916] [WARN] Not rewriting trap file for D:\Zevra\demo-maven\java-database\trap\java\classes\java\lang\Integer.members\Integer.members#61.0-1683618463509-java.trap.gz as it exists
[2023-08-04 10:36:36] [javac-extractor-19916] [WARN] Not rewriting trap file for D:\Zevra\demo-maven\java-database\trap\java\classes\java\lang\Character.members\Character.members#61.0-1683618463509-java.trap.gz as it exists
[2023-08-04 10:36:36] [javac-extractor-19916] [WARN] Not rewriting trap file for D:\Zevra\demo-maven\java-database\trap\java\classes\java\lang\Number.members\Number.members#61.0-1683618463509-java.trap.gz as it exists
[2023-08-04 10:36:36] [javac-extractor-19916] [WARN] Not rewriting trap file for D:\Zevra\demo-maven\java-database\trap\java\classes\java\math\BigInteger.members\BigInteger.members#61.0-1683618463509-java.trap.gz as it exists
[2023-08-04 10:36:36] [javac-extractor-19916] [WARN] Not rewriting trap file for D:\Zevra\demo-maven\java-database\trap\java\classes\java\lang\Double.members\Double.members#61.0-1683618463509-java.trap.gz as it exists
[2023-08-04 10:36:36] [javac-extractor-19916] [WARN] Not rewriting trap file for D:\Zevra\demo-maven\java-database\trap\java\classes\java\lang\Float.members\Float.members#61.0-1683618463509-java.trap.gz as it exists
[2023-08-04 10:36:36] [javac-extractor-19916] [WARN] Not rewriting trap file for D:\Zevra\demo-maven\java-database\trap\java\classes\java\lang\Long.members\Long.members#61.0-1683618463509-java.trap.gz as it exists
[2023-08-04 10:36:36] [javac-extractor-19916] [WARN] Not rewriting trap file for D:\Zevra\demo-maven\java-database\trap\java\classes\java\lang\Boolean.members\Boolean.members#61.0-1683618463509-java.trap.gz as it exists
[2023-08-04 10:36:36] [javac-extractor-19916] [WARN] Not rewriting trap file for D:\Zevra\demo-maven\java-database\trap\java\classes\java\util\Date.members\Date.members#61.0-1683618463509-java.trap.gz as it exists
[2023-08-04 10:36:36] [javac-extractor-19916] [WARN] Not rewriting trap file for D:\Zevra\demo-maven\java-database\trap\java\classes\java\util\stream\Stream.members\Stream.members#61.0-1683618463509-java.trap.gz as it exists
[2023-08-04 10:36:36] [javac-extractor-19916] [WARN] Not rewriting trap file for D:\Zevra\demo-maven\java-database\trap\java\classes\java\util\stream\BaseStream.members\BaseStream.members#61.0-1683618463509-java.trap.gz as it exists
[2023-08-04 10:36:36] [javac-extractor-19916] [WARN] Not rewriting trap file for D:\Zevra\demo-maven\java-database\trap\java\classes\java\lang\annotation\Documented.members\Documented.members#61.0-1683618463509-java.trap.gz as it exists
[2023-08-04 10:36:36] [javac-extractor-19916] [WARN] Not rewriting trap file for D:\Zevra\demo-maven\java-database\trap\java\classes\java\lang\reflect\Member.members\Member.members#61.0-1683618463509-java.trap.gz as it exists
[2023-08-04 10:36:36] [javac-extractor-19916] [WARN] Not rewriting trap file for D:\Zevra\demo-maven\java-database\trap\java\classes\java\util\Map$Entry.members\Map$Entry.members#61.0-1683618463509-java.trap.gz as it exists
[2023-08-04 10:36:36] [javac-extractor-19916] [WARN] Not rewriting trap file for D:\Zevra\demo-maven\java-database\trap\java\classes\java\time\Instant.members\Instant.members#61.0-1683618463509-java.trap.gz as it exists
[2023-08-04 10:36:36] [javac-extractor-19916] [WARN] Not rewriting trap file for D:\Zevra\demo-maven\java-database\trap\java\classes\java\lang\Deprecated.members\Deprecated.members#61.0-1683618463509-java.trap.gz as it exists
[2023-08-04 10:36:36] [javac-extractor-19916] [WARN] Not rewriting trap file for D:\Zevra\demo-maven\java-database\trap\java\classes\java\util\Locale.members\Locale.members#61.0-1683618463509-java.trap.gz as it exists
[2023-08-04 10:36:36] [javac-extractor-19916] [WARN] Not rewriting trap file for D:\Zevra\demo-maven\java-database\trap\java\classes\java\time\ZoneId.members\ZoneId.members#61.0-1683618463509-java.trap.gz as it exists
[2023-08-04 10:36:36] [javac-extractor-19916] Processing module java.sql
[2023-08-04 10:36:36] [javac-extractor-19916] Processing file D:\Zevra\demo-maven\src\main\java\com\example\demo\HelloWorld.java
[2023-08-04 10:36:36] [javac-extractor-19916] [WARN] Not rewriting trap file for D:\Zevra\demo-maven\java-database\trap\java\classes\java\lang\String.members\String.members#61.0-1683618463509-java.trap.gz as it exists
[2023-08-04 10:36:36] [javac-extractor-19916] [WARN] Not rewriting trap file for D:\Zevra\demo-maven\java-database\trap\java\classes\java\lang\Object.members\Object.members#61.0-1683618463509-java.trap.gz as it exists
[2023-08-04 10:36:36] [javac-extractor-19916] Processing file D:\Zevra\demo-maven\src\main\java\com\example\demo\RestServiceApplication.java
[2023-08-04 10:36:37] [javac-extractor-19916] [WARN] Not rewriting trap file for D:\Zevra\demo-maven\java-database\trap\java\classes\java\lang\Object.members\Object.members#61.0-1683618463509-java.trap.gz as it exists
[2023-08-04 10:36:37] [javac-extractor-19916] [WARN] Not rewriting trap file for D:\Zevra\demo-maven\java-database\trap\java\classes\java\lang\String.members\String.members#61.0-1683618463509-java.trap.gz as it exists
[2023-08-04 10:36:37] [javac-extractor-19916] [WARN] Not rewriting trap file for D:\Zevra\demo-maven\java-database\trap\java\classes\java\lang\Cloneable.members\Cloneable.members#61.0-1683618463509-java.trap.gz as it exists
[2023-08-04 10:36:37] [javac-extractor-19916] [WARN] Not rewriting trap file for D:\Zevra\demo-maven\java-database\trap\java\classes\java\io\Serializable.members\Serializable.members#61.0-1683618463509-java.trap.gz as it exists
[2023-08-04 10:36:37] [javac-extractor-19916] [WARN] Not rewriting trap file for D:\Zevra\demo-maven\java-database\trap\java\classes\java\lang\Class.members\Class.members#61.0-1683618463509-java.trap.gz as it exists
[2023-08-04 10:36:37] [javac-extractor-19916] [WARN] Not rewriting trap file for D:\Zevra\demo-maven\java-database\trap\java\classes\java\lang\reflect\GenericDeclaration.members\GenericDeclaration.members#61.0-1683618463509-java.trap.gz as it exists
[2023-08-04 10:36:37] [javac-extractor-19916] [WARN] Not rewriting trap file for D:\Zevra\demo-maven\java-database\trap\java\classes\java\lang\reflect\Type.members\Type.members#61.0-1683618463509-java.trap.gz as it exists
[2023-08-04 10:36:37] [javac-extractor-19916] [WARN] Not rewriting trap file for D:\Zevra\demo-maven\java-database\trap\java\classes\java\lang\reflect\AnnotatedElement.members\AnnotatedElement.members#61.0-1683618463509-java.trap.gz as it exists
[2023-08-04 10:36:37] [javac-extractor-19916] [WARN] Not rewriting trap file for D:\Zevra\demo-maven\java-database\trap\java\classes\java\lang\invoke\TypeDescriptor$OfField.members\TypeDescriptor$OfField.members#61.0-1683618463509-java.trap.gz as it exists
[2023-08-04 10:36:37] [javac-extractor-19916] [WARN] Not rewriting trap file for D:\Zevra\demo-maven\java-database\trap\java\classes\java\lang\invoke\TypeDescriptor.members\TypeDescriptor.members#61.0-1683618463509-java.trap.gz as it exists
[2023-08-04 10:36:37] [javac-extractor-19916] [WARN] Not rewriting trap file for D:\Zevra\demo-maven\java-database\trap\java\classes\java\lang\constant\Constable.members\Constable.members#61.0-1683618463509-java.trap.gz as it exists
[2023-08-04 10:36:37] [javac-extractor-19916] [WARN] Not rewriting trap file for D:\Zevra\demo-maven\java-database\trap\java\classes\java\util\function\Supplier.members\Supplier.members#61.0-1683618463509-java.trap.gz as it exists
[2023-08-04 10:36:37] [javac-extractor-19916] [WARN] Not rewriting trap file for D:\Zevra\demo-maven\java-database\trap\java\classes\java\lang\FunctionalInterface.members\FunctionalInterface.members#61.0-1683618463509-java.trap.gz as it exists
[2023-08-04 10:36:37] [javac-extractor-19916] [WARN] Not rewriting trap file for D:\Zevra\demo-maven\java-database\trap\java\classes\java\lang\Runnable.members\Runnable.members#61.0-1683618463509-java.trap.gz as it exists
[2023-08-04 10:36:37] [javac-extractor-19916] [WARN] Not rewriting trap file for D:\Zevra\demo-maven\java-database\trap\java\classes\java\lang\Exception.members\Exception.members#61.0-1683618463509-java.trap.gz as it exists
[2023-08-04 10:36:37] [javac-extractor-19916] [WARN] Not rewriting trap file for D:\Zevra\demo-maven\java-database\trap\java\classes\java\util\Set.members\Set.members#61.0-1683618463509-java.trap.gz as it exists
[2023-08-04 10:36:37] [javac-extractor-19916] [WARN] Not rewriting trap file for D:\Zevra\demo-maven\java-database\trap\java\classes\java\util\Collection.members\Collection.members#61.0-1683618463509-java.trap.gz as it exists
[2023-08-04 10:36:37] [javac-extractor-19916] [WARN] Not rewriting trap file for D:\Zevra\demo-maven\java-database\trap\java\classes\java\lang\Iterable.members\Iterable.members#61.0-1683618463509-java.trap.gz as it exists
[2023-08-04 10:36:37] [javac-extractor-19916] [WARN] Not rewriting trap file for D:\Zevra\demo-maven\java-database\trap\java\classes\java\util\Properties.members\Properties.members#61.0-1683618463509-java.trap.gz as it exists
[2023-08-04 10:36:37] [javac-extractor-19916] [WARN] Not rewriting trap file for D:\Zevra\demo-maven\java-database\trap\java\classes\java\util\Map.members\Map.members#61.0-1683618463509-java.trap.gz as it exists
[2023-08-04 10:36:37] [javac-extractor-19916] [WARN] Not rewriting trap file for D:\Zevra\demo-maven\java-database\trap\java\classes\java\lang\Throwable.members\Throwable.members#61.0-1683618463509-java.trap.gz as it exists
[2023-08-04 10:36:37] [javac-extractor-19916] [WARN] Not rewriting trap file for D:\Zevra\demo-maven\java-database\trap\java\classes\java\lang\ClassLoader.members\ClassLoader.members#61.0-1683618463509-java.trap.gz as it exists
[2023-08-04 10:36:37] [javac-extractor-19916] [WARN] Not rewriting trap file for D:\Zevra\demo-maven\java-database\trap\java\classes\java\lang\annotation\Annotation.members\Annotation.members#61.0-1683618463509-java.trap.gz as it exists
[2023-08-04 10:36:37] [javac-extractor-19916] [WARN] Not rewriting trap file for D:\Zevra\demo-maven\java-database\trap\java\classes\java\lang\annotation\Documented.members\Documented.members#61.0-1683618463509-java.trap.gz as it exists
[2023-08-04 10:36:37] [javac-extractor-19916] [WARN] Not rewriting trap file for D:\Zevra\demo-maven\java-database\trap\java\classes\java\lang\annotation\Inherited.members\Inherited.members#61.0-1683618463509-java.trap.gz as it exists
[2023-08-04 10:36:37] [javac-extractor-19916] [WARN] Not rewriting trap file for D:\Zevra\demo-maven\java-database\trap\java\classes\java\lang\annotation\Retention.members\Retention.members#61.0-1683618463509-java.trap.gz as it exists
[2023-08-04 10:36:37] [javac-extractor-19916] [WARN] Not rewriting trap file for D:\Zevra\demo-maven\java-database\trap\java\classes\java\lang\annotation\RetentionPolicy.members\RetentionPolicy.members#61.0-1683618463509-java.trap.gz as it exists
[2023-08-04 10:36:37] [javac-extractor-19916] [WARN] Not rewriting trap file for D:\Zevra\demo-maven\java-database\trap\java\classes\java\lang\annotation\Target.members\Target.members#61.0-1683618463509-java.trap.gz as it exists
[2023-08-04 10:36:37] [javac-extractor-19916] [WARN] Not rewriting trap file for D:\Zevra\demo-maven\java-database\trap\java\classes\java\lang\annotation\ElementType.members\ElementType.members#61.0-1683618463509-java.trap.gz as it exists
[2023-08-04 10:36:37] [javac-extractor-19916] [WARN] Not rewriting trap file for D:\Zevra\demo-maven\java-database\trap\java\classes\org\springframework\core\annotation\AliasFor.members\AliasFor.members#61.0-318191400000-java.trap.gz as it exists
[2023-08-04 10:36:37] [javac-extractor-19916] [WARN] Not rewriting trap file for D:\Zevra\demo-maven\java-database\trap\java\classes\java\io\Closeable.members\Closeable.members#61.0-1683618463509-java.trap.gz as it exists
[2023-08-04 10:36:37] [javac-extractor-19916] [WARN] Not rewriting trap file for D:\Zevra\demo-maven\java-database\trap\java\classes\org\springframework\lang\Nullable.members\Nullable.members#61.0-318191400000-java.trap.gz as it exists
[2023-08-04 10:36:37] [javac-extractor-19916] [WARN] Not rewriting trap file for D:\Zevra\demo-maven\java-database\trap\java\classes\java\util\function\BiFunction.members\BiFunction.members#61.0-1683618463509-java.trap.gz as it exists
[2023-08-04 10:36:37] [javac-extractor-19916] [WARN] Not rewriting trap file for D:\Zevra\demo-maven\java-database\trap\java\classes\java\lang\RuntimeException.members\RuntimeException.members#61.0-1683618463509-java.trap.gz as it exists
[2023-08-04 10:36:37] [javac-extractor-19916] [WARN] Not rewriting trap file for D:\Zevra\demo-maven\java-database\trap\java\classes\java\util\function\Consumer.members\Consumer.members#61.0-1683618463509-java.trap.gz as it exists
[2023-08-04 10:36:37] [javac-extractor-19916] [WARN] Not rewriting trap file for D:\Zevra\demo-maven\java-database\trap\java\classes\java\lang\Enum.members\Enum.members#61.0-1683618463509-java.trap.gz as it exists
[2023-08-04 10:36:37] [javac-extractor-19916] [WARN] Not rewriting trap file for D:\Zevra\demo-maven\java-database\trap\java\classes\java\lang\Comparable.members\Comparable.members#61.0-1683618463509-java.trap.gz as it exists
[2023-08-04 10:36:37] [javac-extractor-19916] [WARN] Not rewriting trap file for D:\Zevra\demo-maven\java-database\trap\java\classes\java\util\Optional.members\Optional.members#61.0-1683618463509-java.trap.gz as it exists
[2023-08-04 10:36:37] [javac-extractor-19916] [WARN] Not rewriting trap file for D:\Zevra\demo-maven\java-database\trap\java\classes\jdk\internal\ValueBased.members\ValueBased.members#61.0-1683618463509-java.trap.gz as it exists
[2023-08-04 10:36:37] [javac-extractor-19916] [WARN] Not rewriting trap file for D:\Zevra\demo-maven\java-database\trap\java\classes\java\lang\Enum$EnumDesc.members\Enum$EnumDesc.members#61.0-1683618463509-java.trap.gz as it exists
[2023-08-04 10:36:37] [javac-extractor-19916] [WARN] Not rewriting trap file for D:\Zevra\demo-maven\java-database\trap\java\classes\java\lang\constant\DynamicConstantDesc.members\DynamicConstantDesc.members#61.0-1683618463509-java.trap.gz as it exists
[2023-08-04 10:36:37] [javac-extractor-19916] [WARN] Not rewriting trap file for D:\Zevra\demo-maven\java-database\trap\java\classes\java\lang\constant\ConstantDesc.members\ConstantDesc.members#61.0-1683618463509-java.trap.gz as it exists
[2023-08-04 10:36:37] [javac-extractor-19916] [WARN] Not rewriting trap file for D:\Zevra\demo-maven\java-database\trap\java\classes\java\lang\CloneNotSupportedException.members\CloneNotSupportedException.members#61.0-1683618463509-java.trap.gz as it exists
[2023-08-04 10:36:37] [javac-extractor-19916] [WARN] Not rewriting trap file for D:\Zevra\demo-maven\java-database\trap\java\classes\java\io\PrintStream.members\PrintStream.members#61.0-1683618463509-java.trap.gz as it exists
[2023-08-04 10:36:37] [javac-extractor-19916] [WARN] Not rewriting trap file for D:\Zevra\demo-maven\java-database\trap\java\classes\java\lang\Thread$UncaughtExceptionHandler.members\Thread$UncaughtExceptionHandler.members#61.0-1683618463509-java.trap.gz as it exists
[2023-08-04 10:36:37] [javac-extractor-19916] [WARN] Not rewriting trap file for D:\Zevra\demo-maven\java-database\trap\java\classes\java\lang\Thread.members\Thread.members#61.0-1683618463509-java.trap.gz as it exists
[2023-08-04 10:36:37] [javac-extractor-19916] [WARN] Not rewriting trap file for D:\Zevra\demo-maven\java-database\trap\java\classes\java\util\List.members\List.members#61.0-1683618463509-java.trap.gz as it exists
[2023-08-04 10:36:37] [javac-extractor-19916] [WARN] Not rewriting trap file for D:\Zevra\demo-maven\java-database\trap\java\classes\org\springframework\stereotype\Indexed.members\Indexed.members#61.0-1671075202000-java.trap.gz as it exists
[2023-08-04 10:36:37] [javac-extractor-19916] [WARN] Not rewriting trap file for D:\Zevra\demo-maven\java-database\trap\java\classes\java\lang\annotation\Repeatable.members\Repeatable.members#61.0-1683618463509-java.trap.gz as it exists
[2023-08-04 10:36:38] [javac-extractor-19916] [WARN] Not rewriting trap file for D:\Zevra\demo-maven\java-database\trap\java\classes\java\io\IOException.members\IOException.members#61.0-1683618463509-java.trap.gz as it exists
[2023-08-04 10:36:38] [javac-extractor-19916] [WARN] Not rewriting trap file for D:\Zevra\demo-maven\java-database\trap\java\classes\org\springframework\stereotype\Component.members\Component.members#61.0-1671075202000-java.trap.gz as it exists
[2023-08-04 10:36:38] [javac-extractor-19916] [WARN] Not rewriting trap file for D:\Zevra\demo-maven\java-database\trap\java\classes\java\util\Iterator.members\Iterator.members#61.0-1683618463509-java.trap.gz as it exists
[2023-08-04 10:36:38] [javac-extractor-19916] [WARN] Not rewriting trap file for D:\Zevra\demo-maven\java-database\trap\java\classes\java\time\Duration.members\Duration.members#61.0-1683618463509-java.trap.gz as it exists
[2023-08-04 10:36:38] [javac-extractor-19916] [WARN] Not rewriting trap file for D:\Zevra\demo-maven\java-database\trap\java\classes\java\util\Locale.members\Locale.members#61.0-1683618463509-java.trap.gz as it exists
[2023-08-04 10:36:38] [javac-extractor-19916] [WARN] Not rewriting trap file for D:\Zevra\demo-maven\java-database\trap\java\classes\java\lang\Deprecated.members\Deprecated.members#61.0-1683618463509-java.trap.gz as it exists
[2023-08-04 10:36:38] [javac-extractor-19916] [WARN] Not rewriting trap file for D:\Zevra\demo-maven\java-database\trap\java\classes\java\lang\Long.members\Long.members#61.0-1683618463509-java.trap.gz as it exists
[2023-08-04 10:36:38] [javac-extractor-19916] [WARN] Not rewriting trap file for D:\Zevra\demo-maven\java-database\trap\java\classes\java\time\Clock.members\Clock.members#61.0-1683618463509-java.trap.gz as it exists
[2023-08-04 10:36:38] [javac-extractor-19916] [WARN] Not rewriting trap file for D:\Zevra\demo-maven\java-database\trap\java\classes\java\nio\channels\ReadableByteChannel.members\ReadableByteChannel.members#61.0-1683618463509-java.trap.gz as it exists
[2023-08-04 10:36:38] [javac-extractor-19916] [WARN] Not rewriting trap file for D:\Zevra\demo-maven\java-database\trap\java\classes\java\io\File.members\File.members#61.0-1683618463509-java.trap.gz as it exists
[2023-08-04 10:36:38] [javac-extractor-19916] [WARN] Not rewriting trap file for D:\Zevra\demo-maven\java-database\trap\java\classes\java\net\URI.members\URI.members#61.0-1683618463509-java.trap.gz as it exists
[2023-08-04 10:36:38] [javac-extractor-19916] [WARN] Not rewriting trap file for D:\Zevra\demo-maven\java-database\trap\java\classes\java\net\URL.members\URL.members#61.0-1683618463509-java.trap.gz as it exists
[2023-08-04 10:36:38] [javac-extractor-19916] [WARN] Not rewriting trap file for D:\Zevra\demo-maven\java-database\trap\java\classes\java\util\stream\Stream.members\Stream.members#61.0-1683618463509-java.trap.gz as it exists
[2023-08-04 10:36:38] [javac-extractor-19916] [WARN] Not rewriting trap file for D:\Zevra\demo-maven\java-database\trap\java\classes\java\util\stream\BaseStream.members\BaseStream.members#61.0-1683618463509-java.trap.gz as it exists
[2023-08-04 10:36:38] [javac-extractor-19916] [WARN] Not rewriting trap file for D:\Zevra\demo-maven\java-database\trap\java\classes\java\lang\AutoCloseable.members\AutoCloseable.members#61.0-1683618463509-java.trap.gz as it exists
[2023-08-04 10:36:38] [javac-extractor-19916] [WARN] Not rewriting trap file for D:\Zevra\demo-maven\java-database\trap\java\classes\java\util\Spliterator.members\Spliterator.members#61.0-1683618463509-java.trap.gz as it exists
[2023-08-04 10:36:38] [javac-extractor-19916] [WARN] Not rewriting trap file for D:\Zevra\demo-maven\java-database\trap\java\classes\java\util\function\Predicate.members\Predicate.members#61.0-1683618463509-java.trap.gz as it exists
[2023-08-04 10:36:38] [javac-extractor-19916] [WARN] Not rewriting trap file for D:\Zevra\demo-maven\java-database\trap\java\classes\org\springframework\core\ParameterNameDiscoverer.members\ParameterNameDiscoverer.members#61.0-318191400000-java.trap.gz as it exists
[2023-08-04 10:36:38] [javac-extractor-19916] [WARN] Not rewriting trap file for D:\Zevra\demo-maven\java-database\trap\java\classes\java\lang\reflect\Field.members\Field.members#61.0-1683618463509-java.trap.gz as it exists
[2023-08-04 10:36:38] [javac-extractor-19916] [WARN] Not rewriting trap file for D:\Zevra\demo-maven\java-database\trap\java\classes\org\springframework\core\MethodParameter.members\MethodParameter.members#61.0-318191400000-java.trap.gz as it exists
[2023-08-04 10:36:38] [javac-extractor-19916] [WARN] Not rewriting trap file for D:\Zevra\demo-maven\java-database\trap\java\classes\java\lang\reflect\Method.members\Method.members#61.0-1683618463509-java.trap.gz as it exists
[2023-08-04 10:36:38] [javac-extractor-19916] [WARN] Not rewriting trap file for D:\Zevra\demo-maven\java-database\trap\java\classes\java\lang\reflect\Constructor.members\Constructor.members#61.0-1683618463509-java.trap.gz as it exists
[2023-08-04 10:36:38] [javac-extractor-19916] [WARN] Not rewriting trap file for D:\Zevra\demo-maven\java-database\trap\java\classes\java\lang\reflect\Executable.members\Executable.members#61.0-1683618463509-java.trap.gz as it exists
[2023-08-04 10:36:38] [javac-extractor-19916] [WARN] Not rewriting trap file for D:\Zevra\demo-maven\java-database\trap\java\classes\java\lang\Integer.members\Integer.members#61.0-1683618463509-java.trap.gz as it exists
[2023-08-04 10:36:38] [javac-extractor-19916] [WARN] Not rewriting trap file for D:\Zevra\demo-maven\java-database\trap\java\classes\java\io\InputStream.members\InputStream.members#61.0-1683618463509-java.trap.gz as it exists
[2023-08-04 10:36:38] [javac-extractor-19916] [WARN] Not rewriting trap file for D:\Zevra\demo-maven\java-database\trap\java\classes\java\lang\IllegalArgumentException.members\IllegalArgumentException.members#61.0-1683618463509-java.trap.gz as it exists
[2023-08-04 10:36:38] [javac-extractor-19916] [WARN] Not rewriting trap file for D:\Zevra\demo-maven\java-database\trap\java\classes\java\util\function\Function.members\Function.members#61.0-1683618463509-java.trap.gz as it exists
[2023-08-04 10:36:39] [javac-extractor-19916] [WARN] Not rewriting trap file for D:\Zevra\demo-maven\java-database\trap\java\classes\java\util\AbstractMap.members\AbstractMap.members#61.0-1683618463509-java.trap.gz as it exists
[2023-08-04 10:36:39] [javac-extractor-19916] [WARN] Not rewriting trap file for D:\Zevra\demo-maven\java-database\trap\java\classes\java\util\Map$Entry.members\Map$Entry.members#61.0-1683618463509-java.trap.gz as it exists
[2023-08-04 10:36:39] [javac-extractor-19916] [WARN] Not rewriting trap file for D:\Zevra\demo-maven\java-database\trap\java\classes\java\util\function\BiConsumer.members\BiConsumer.members#61.0-1683618463509-java.trap.gz as it exists
[2023-08-04 10:36:39] [javac-extractor-19916] [WARN] Not rewriting trap file for D:\Zevra\demo-maven\java-database\trap\java\classes\java\io\ObjectOutputStream.members\ObjectOutputStream.members#61.0-1683618463509-java.trap.gz as it exists
[2023-08-04 10:36:39] [javac-extractor-19916] [WARN] Not rewriting trap file for D:\Zevra\demo-maven\java-database\trap\java\classes\java\lang\Number.members\Number.members#61.0-1683618463509-java.trap.gz as it exists
[2023-08-04 10:36:39] [javac-extractor-19916] [WARN] Not rewriting trap file for D:\Zevra\demo-maven\java-database\trap\java\classes\java\lang\reflect\Member.members\Member.members#61.0-1683618463509-java.trap.gz as it exists
[2023-08-04 10:36:39] [javac-extractor-19916] [WARN] Not rewriting trap file for D:\Zevra\demo-maven\java-database\trap\java\classes\java\lang\reflect\TypeVariable.members\TypeVariable.members#61.0-1683618463509-java.trap.gz as it exists
[2023-08-04 10:36:39] [javac-extractor-19916] [WARN] Not rewriting trap file for D:\Zevra\demo-maven\java-database\trap\java\classes\java\lang\Boolean.members\Boolean.members#61.0-1683618463509-java.trap.gz as it exists
[2023-08-04 10:36:39] [javac-extractor-19916] [WARN] Not rewriting trap file for D:\Zevra\demo-maven\java-database\trap\java\classes\java\util\Comparator.members\Comparator.members#61.0-1683618463509-java.trap.gz as it exists
[2023-08-04 10:36:39] [javac-extractor-19916] [WARN] Not rewriting trap file for D:\Zevra\demo-maven\java-database\trap\java\classes\java\io\PrintWriter.members\PrintWriter.members#61.0-1683618463509-java.trap.gz as it exists
[2023-08-04 10:36:40] [javac-extractor-19916] [WARN] Not rewriting trap file for D:\Zevra\demo-maven\java-database\trap\java\classes\java\security\AccessControlContext.members\AccessControlContext.members#61.0-1683618463509-java.trap.gz as it exists
[2023-08-04 10:36:40] [javac-extractor-19916] [WARN] Not rewriting trap file for D:\Zevra\demo-maven\java-database\trap\java\classes\java\util\AbstractCollection.members\AbstractCollection.members#61.0-1683618463509-java.trap.gz as it exists
[2023-08-04 10:36:40] [javac-extractor-19916] [WARN] Not rewriting trap file for D:\Zevra\demo-maven\java-database\trap\java\classes\java\text\AttributedCharacterIterator.members\AttributedCharacterIterator.members#61.0-1683618463509-java.trap.gz as it exists
[2023-08-04 10:36:40] [javac-extractor-19916] [WARN] Not rewriting trap file for D:\Zevra\demo-maven\java-database\trap\java\classes\java\util\concurrent\ConcurrentMap.members\ConcurrentMap.members#61.0-1683618463509-java.trap.gz as it exists
[2023-08-04 10:36:40] [javac-extractor-19916] [WARN] Not rewriting trap file for D:\Zevra\demo-maven\java-database\trap\java\classes\java\lang\StringBuilder.members\StringBuilder.members#61.0-1683618463509-java.trap.gz as it exists
[2023-08-04 10:36:40] [javac-extractor-19916] [WARN] Not rewriting trap file for D:\Zevra\demo-maven\java-database\trap\java\classes\java\lang\ref\WeakReference.members\WeakReference.members#61.0-1683618463509-java.trap.gz as it exists
[2023-08-04 10:36:40] [javac-extractor-19916] [WARN] Not rewriting trap file for D:\Zevra\demo-maven\java-database\trap\java\classes\java\lang\ref\Reference.members\Reference.members#61.0-1683618463509-java.trap.gz as it exists
[2023-08-04 10:36:40] [javac-extractor-19916] [WARN] Not rewriting trap file for D:\Zevra\demo-maven\java-database\trap\java\classes\java\lang\SecurityException.members\SecurityException.members#61.0-1683618463509-java.trap.gz as it exists
[2023-08-04 10:36:40] [javac-extractor-19916] [WARN] Not rewriting trap file for D:\Zevra\demo-maven\java-database\trap\java\classes\java\io\ObjectStreamException.members\ObjectStreamException.members#61.0-1683618463509-java.trap.gz as it exists
[2023-08-04 10:36:40] [javac-extractor-19916] [WARN] Not rewriting trap file for D:\Zevra\demo-maven\java-database\trap\java\classes\java\lang\Character.members\Character.members#61.0-1683618463509-java.trap.gz as it exists
[2023-08-04 10:36:40] [javac-extractor-19916] [WARN] Not rewriting trap file for D:\Zevra\demo-maven\java-database\trap\java\classes\java\text\AttributedCharacterIterator$Attribute.members\AttributedCharacterIterator$Attribute.members#61.0-1683618463509-java.trap.gz as it exists
[2023-08-04 10:36:40] [javac-extractor-19916] [WARN] Not rewriting trap file for D:\Zevra\demo-maven\java-database\trap\java\classes\java\text\CharacterIterator.members\CharacterIterator.members#61.0-1683618463509-java.trap.gz as it exists
[2023-08-04 10:36:41] [javac-extractor-19916] [WARN] Not rewriting trap file for D:\Zevra\demo-maven\java-database\trap\java\classes\java\lang\NumberFormatException.members\NumberFormatException.members#61.0-1683618463509-java.trap.gz as it exists
[2023-08-04 10:36:41] [javac-extractor-19916] [WARN] Not rewriting trap file for D:\Zevra\demo-maven\java-database\trap\java\classes\java\lang\UnsupportedOperationException.members\UnsupportedOperationException.members#61.0-1683618463509-java.trap.gz as it exists
[2023-08-04 10:36:41] [javac-extractor-19916] [WARN] Not rewriting trap file for D:\Zevra\demo-maven\java-database\trap\java\classes\java\lang\IndexOutOfBoundsException.members\IndexOutOfBoundsException.members#61.0-1683618463509-java.trap.gz as it exists
[2023-08-04 10:36:41] [javac-extractor-19916] [WARN] Not rewriting trap file for D:\Zevra\demo-maven\java-database\trap\java\classes\java\util\function\IntFunction.members\IntFunction.members#61.0-1683618463509-java.trap.gz as it exists
[2023-08-04 10:36:41] [javac-extractor-19916] [WARN] Not rewriting trap file for D:\Zevra\demo-maven\java-database\trap\java\classes\java\util\ListIterator.members\ListIterator.members#61.0-1683618463509-java.trap.gz as it exists
[2023-08-04 10:36:41] [javac-extractor-19916] [WARN] Not rewriting trap file for D:\Zevra\demo-maven\java-database\trap\java\classes\java\util\function\UnaryOperator.members\UnaryOperator.members#61.0-1683618463509-java.trap.gz as it exists
[2023-08-04 10:36:41] [javac-extractor-19916] [WARN] Not rewriting trap file for D:\Zevra\demo-maven\java-database\trap\java\classes\java\util\Enumeration.members\Enumeration.members#61.0-1683618463509-java.trap.gz as it exists
[2023-08-04 10:36:41] [javac-extractor-19916] [WARN] Not rewriting trap file for D:\Zevra\demo-maven\java-database\trap\java\classes\java\lang\ThreadGroup.members\ThreadGroup.members#61.0-1683618463509-java.trap.gz as it exists
[2023-08-04 10:36:42] [javac-extractor-19916] [WARN] Not rewriting trap file for D:\Zevra\demo-maven\java-database\trap\java\classes\jdk\internal\reflect\CallerSensitive.members\CallerSensitive.members#61.0-1683618463509-java.trap.gz as it exists
[2023-08-04 10:36:42] [javac-extractor-19916] [WARN] Not rewriting trap file for D:\Zevra\demo-maven\java-database\trap\java\classes\java\lang\Module.members\Module.members#61.0-1683618463509-java.trap.gz as it exists
[2023-08-04 10:36:42] [javac-extractor-19916] [WARN] Not rewriting trap file for D:\Zevra\demo-maven\java-database\trap\java\classes\java\util\Hashtable.members\Hashtable.members#61.0-1683618463509-java.trap.gz as it exists
[2023-08-04 10:36:42] [javac-extractor-19916] [WARN] Not rewriting trap file for D:\Zevra\demo-maven\java-database\trap\java\classes\java\util\Dictionary.members\Dictionary.members#61.0-1683618463509-java.trap.gz as it exists
[2023-08-04 10:36:42] [javac-extractor-19916] [WARN] Not rewriting trap file for D:\Zevra\demo-maven\java-database\trap\java\classes\java\io\InvalidObjectException.members\InvalidObjectException.members#61.0-1683618463509-java.trap.gz as it exists
[2023-08-04 10:36:42] [javac-extractor-19916] [WARN] Not rewriting trap file for D:\Zevra\demo-maven\java-database\trap\java\classes\java\lang\Float.members\Float.members#61.0-1683618463509-java.trap.gz as it exists
[2023-08-04 10:36:42] [javac-extractor-19916] [WARN] Not rewriting trap file for D:\Zevra\demo-maven\java-database\trap\java\classes\java\util\AbstractSet.members\AbstractSet.members#61.0-1683618463509-java.trap.gz as it exists
[2023-08-04 10:36:42] [javac-extractor-19916] [WARN] Not rewriting trap file for D:\Zevra\demo-maven\java-database\trap\java\classes\java\util\SortedMap.members\SortedMap.members#61.0-1683618463509-java.trap.gz as it exists
[2023-08-04 10:36:42] [javac-extractor-19916] [WARN] Not rewriting trap file for D:\Zevra\demo-maven\java-database\trap\java\classes\java\io\FilenameFilter.members\FilenameFilter.members#61.0-1683618463509-java.trap.gz as it exists
[2023-08-04 10:36:42] [javac-extractor-19916] [WARN] Not rewriting trap file for D:\Zevra\demo-maven\java-database\trap\java\classes\java\lang\InterruptedException.members\InterruptedException.members#61.0-1683618463509-java.trap.gz as it exists
[2023-08-04 10:36:42] [javac-extractor-19916] [WARN] Not rewriting trap file for D:\Zevra\demo-maven\java-database\trap\java\classes\java\lang\reflect\InvocationTargetException.members\InvocationTargetException.members#61.0-1683618463509-java.trap.gz as it exists
[2023-08-04 10:36:43] [javac-extractor-19916] [WARN] Not rewriting trap file for D:\Zevra\demo-maven\java-database\trap\java\classes\java\util\concurrent\TimeUnit.members\TimeUnit.members#61.0-1683618463509-java.trap.gz as it exists
[2023-08-04 10:36:43] [javac-extractor-19916] [WARN] Not rewriting trap file for D:\Zevra\demo-maven\java-database\trap\java\classes\java\lang\IllegalAccessException.members\IllegalAccessException.members#61.0-1683618463509-java.trap.gz as it exists
[2023-08-04 10:36:43] [javac-extractor-19916] [WARN] Not rewriting trap file for D:\Zevra\demo-maven\java-database\trap\java\classes\java\lang\InstantiationException.members\InstantiationException.members#61.0-1683618463509-java.trap.gz as it exists
[2023-08-04 10:36:43] [javac-extractor-19916] [WARN] Not rewriting trap file for D:\Zevra\demo-maven\java-database\trap\java\classes\java\security\Permission.members\Permission.members#61.0-1683618463509-java.trap.gz as it exists
[2023-08-04 10:36:43] [javac-extractor-19916] [WARN] Not rewriting trap file for D:\Zevra\demo-maven\java-database\trap\java\classes\java\math\BigInteger.members\BigInteger.members#61.0-1683618463509-java.trap.gz as it exists
[2023-08-04 10:36:43] [javac-extractor-19916] [WARN] Not rewriting trap file for D:\Zevra\demo-maven\java-database\trap\java\classes\java\io\OutputStream.members\OutputStream.members#61.0-1683618463509-java.trap.gz as it exists
[2023-08-04 10:36:43] [javac-extractor-19916] [WARN] Not rewriting trap file for D:\Zevra\demo-maven\java-database\trap\java\classes\java\io\ObjectInput.members\ObjectInput.members#61.0-1683618463509-java.trap.gz as it exists
[2023-08-04 10:36:43] [javac-extractor-19916] [WARN] Not rewriting trap file for D:\Zevra\demo-maven\java-database\trap\java\classes\java\lang\ClassNotFoundException.members\ClassNotFoundException.members#61.0-1683618463509-java.trap.gz as it exists
[2023-08-04 10:36:43] [javac-extractor-19916] [WARN] Not rewriting trap file for D:\Zevra\demo-maven\java-database\trap\java\classes\java\io\ObjectOutput.members\ObjectOutput.members#61.0-1683618463509-java.trap.gz as it exists
[2023-08-04 10:36:43] [javac-extractor-19916] [WARN] Not rewriting trap file for D:\Zevra\demo-maven\java-database\trap\java\classes\java\io\Reader.members\Reader.members#61.0-1683618463509-java.trap.gz as it exists
[2023-08-04 10:36:43] [javac-extractor-19916] [WARN] Not rewriting trap file for D:\Zevra\demo-maven\java-database\trap\java\classes\java\nio\charset\Charset.members\Charset.members#61.0-1683618463509-java.trap.gz as it exists
[2023-08-04 10:36:43] [javac-extractor-19916] [WARN] Not rewriting trap file for D:\Zevra\demo-maven\java-database\trap\java\classes\java\io\UnsupportedEncodingException.members\UnsupportedEncodingException.members#61.0-1683618463509-java.trap.gz as it exists
[2023-08-04 10:36:43] [javac-extractor-19916] [WARN] Not rewriting trap file for D:\Zevra\demo-maven\java-database\trap\java\classes\java\util\Date.members\Date.members#61.0-1683618463509-java.trap.gz as it exists
[2023-08-04 10:36:44] [javac-extractor-19916] [WARN] Not rewriting trap file for D:\Zevra\demo-maven\java-database\trap\java\classes\java\util\concurrent\ConcurrentHashMap.members\ConcurrentHashMap.members#61.0-1683618463509-java.trap.gz as it exists
[2023-08-04 10:36:44] [javac-extractor-19916] [WARN] Not rewriting trap file for D:\Zevra\demo-maven\java-database\trap\java\classes\java\io\ObjectInputStream.members\ObjectInputStream.members#61.0-1683618463509-java.trap.gz as it exists
[2023-08-04 10:36:44] [javac-extractor-19916] [WARN] Not rewriting trap file for D:\Zevra\demo-maven\java-database\trap\java\classes\java\lang\ref\ReferenceQueue.members\ReferenceQueue.members#61.0-1683618463509-java.trap.gz as it exists
[2023-08-04 10:36:44] [javac-extractor-19916] Processing module java.desktop
[2023-08-04 10:36:44] [javac-extractor-19916] Processing module java.datatransfer
[2023-08-04 10:36:44] [javac-extractor-19916] Processing JAR file: C:/Users/rkanchan/.m2/repository/org/springframework/boot/spring-boot/3.0.1/spring-boot-3.0.1.jar
[2023-08-04 10:36:44] [javac-extractor-19916] Processing JAR file: C:/Users/rkanchan/.m2/repository/org/springframework/boot/spring-boot-autoconfigure/3.0.1/spring-boot-autoconfigure-3.0.1.jar
[2023-08-04 10:36:44] [javac-extractor-19916] Processing JAR file: C:/Users/rkanchan/.m2/repository/org/springframework/spring-jcl/6.0.3/spring-jcl-6.0.3.jar
[2023-08-04 10:36:44] [javac-extractor-19916] Javac init time: 1.5s
[2023-08-04 10:36:44] [javac-extractor-19916] Javac attr time: 0.1s
[2023-08-04 10:36:44] [javac-extractor-19916] Extractor time: 23.0s
[2023-08-04 10:36:44] [javac-extractor-19916] Other time: 0.2s
[2023-08-04 10:36:44] [javac-extractor-19916] Total time: 24.8s
